#! /opt/homebrew/Cellar/icarus-verilog/11.0/bin/vvp
:ivl_version "11.0 (stable)";
:ivl_delay_selection "TYPICAL";
:vpi_time_precision + 0;
:vpi_module "/opt/homebrew/Cellar/icarus-verilog/11.0/lib/ivl/system.vpi";
:vpi_module "/opt/homebrew/Cellar/icarus-verilog/11.0/lib/ivl/vhdl_sys.vpi";
:vpi_module "/opt/homebrew/Cellar/icarus-verilog/11.0/lib/ivl/vhdl_textio.vpi";
:vpi_module "/opt/homebrew/Cellar/icarus-verilog/11.0/lib/ivl/v2005_math.vpi";
:vpi_module "/opt/homebrew/Cellar/icarus-verilog/11.0/lib/ivl/va_math.vpi";
S_0x140f40670 .scope module, "Overflow3" "Overflow3" 2 60;
 .timescale 0 0;
    .port_info 0 /INPUT 1 "a";
    .port_info 1 /INPUT 1 "b";
    .port_info 2 /OUTPUT 1 "Over";
o0x138030070 .functor BUFZ 1, C4<z>; HiZ drive
L_0x140f5cdc0 .functor NOT 1, o0x138030070, C4<0>, C4<0>, C4<0>;
o0x138030100 .functor BUFZ 1, C4<z>; HiZ drive
L_0x140f5ce60 .functor NOT 1, o0x138030100, C4<0>, C4<0>, C4<0>;
L_0x140f5cf10 .functor AND 1, o0x138030070, L_0x140f5ce60, C4<1>, C4<1>;
L_0x140f5d040 .functor AND 1, o0x138030100, L_0x140f5cdc0, C4<1>, C4<1>;
L_0x140f5d150 .functor OR 1, L_0x140f5cf10, L_0x140f5d040, C4<0>, C4<0>;
v0x140f11580_0 .net "Over", 0 0, L_0x140f5d150;  1 drivers
o0x138030040 .functor BUFZ 1, C4<z>; HiZ drive
v0x140f50550_0 .net "Sum", 0 0, o0x138030040;  0 drivers
v0x140f505f0_0 .net "a", 0 0, o0x138030070;  0 drivers
v0x140f50680_0 .net "and1", 0 0, L_0x140f5cf10;  1 drivers
v0x140f50720_0 .net "and2", 0 0, L_0x140f5d040;  1 drivers
v0x140f50800_0 .net "b", 0 0, o0x138030100;  0 drivers
v0x140f508a0_0 .net "nota", 0 0, L_0x140f5cdc0;  1 drivers
v0x140f50940_0 .net "notb", 0 0, L_0x140f5ce60;  1 drivers
S_0x140f38fe0 .scope module, "ins" "ins" 2 149;
 .timescale 0 0;
v0x140f5c4e0_0 .var "Op", 3 0;
v0x140f5c570_0 .net "Overflow", 0 0, L_0x140f62120;  1 drivers
v0x140f5c640_0 .net/s "Result", 3 0, L_0x140f624c0;  1 drivers
v0x140f5c6d0_0 .net "Zero", 0 0, L_0x140f628b0;  1 drivers
v0x140f5c780_0 .var/s "a", 3 0;
v0x140f5c850_0 .var/s "b", 3 0;
S_0x140f50a10 .scope module, "alui" "ALU" 2 157, 2 125 0, S_0x140f38fe0;
 .timescale 0 0;
    .port_info 0 /INPUT 4 "a";
    .port_info 1 /INPUT 4 "b";
    .port_info 2 /INPUT 4 "Operation";
    .port_info 3 /OUTPUT 1 "Zero";
    .port_info 4 /OUTPUT 1 "Overflow";
    .port_info 5 /OUTPUT 4 "Result";
L_0x140f628b0 .functor NOR 1, L_0x140f62610, L_0x140f629d0, L_0x140f62c10, L_0x140f627e0;
v0x140f5bb30_0 .net "Carryout", 3 0, L_0x140f62ff0;  1 drivers
v0x140f5bbf0_0 .net "Operation", 3 0, v0x140f5c4e0_0;  1 drivers
v0x140f5bc90_0 .net "Overflow", 0 0, L_0x140f62120;  alias, 1 drivers
v0x140f5bd20_0 .net "Result", 3 0, L_0x140f624c0;  alias, 1 drivers
v0x140f5bdb0_0 .net "Set", 0 0, L_0x140f61620;  1 drivers
v0x140f5be80_0 .net "Zero", 0 0, L_0x140f628b0;  alias, 1 drivers
v0x140f5bf20_0 .net *"_ivl_71", 0 0, L_0x140f62610;  1 drivers
v0x140f5bfd0_0 .net *"_ivl_73", 0 0, L_0x140f629d0;  1 drivers
v0x140f5c080_0 .net *"_ivl_75", 0 0, L_0x140f62c10;  1 drivers
v0x140f5c190_0 .net *"_ivl_77", 0 0, L_0x140f627e0;  1 drivers
o0x138032c80 .functor BUFZ 1, C4<z>; HiZ drive
; Elide local net with no drivers, v0x140f5c240_0 name=_ivl_80
v0x140f5c2f0_0 .net "a", 3 0, v0x140f5c780_0;  1 drivers
v0x140f5c3a0_0 .net "b", 3 0, v0x140f5c850_0;  1 drivers
L_0x140f5e250 .part v0x140f5c780_0, 0, 1;
L_0x140f5e370 .part v0x140f5c850_0, 0, 1;
L_0x140f5e490 .part v0x140f5c4e0_0, 3, 1;
L_0x140f5e5b0 .part v0x140f5c4e0_0, 2, 1;
L_0x140f5e690 .part v0x140f5c4e0_0, 0, 2;
L_0x140f5e7e0 .part v0x140f5c4e0_0, 2, 1;
L_0x140f5f740 .part v0x140f5c780_0, 1, 1;
L_0x140f5f860 .part v0x140f5c850_0, 1, 1;
L_0x140f5f940 .part v0x140f5c4e0_0, 3, 1;
L_0x140f5fa70 .part v0x140f5c4e0_0, 2, 1;
L_0x140f5fb10 .part v0x140f5c4e0_0, 0, 2;
L_0x140f5e730 .part L_0x140f62ff0, 0, 1;
L_0x140f60c30 .part v0x140f5c780_0, 2, 1;
L_0x140f60e00 .part v0x140f5c850_0, 2, 1;
L_0x140f60f20 .part v0x140f5c4e0_0, 3, 1;
L_0x140f61040 .part v0x140f5c4e0_0, 2, 1;
L_0x140f610e0 .part v0x140f5c4e0_0, 0, 2;
L_0x140f61210 .part L_0x140f62ff0, 1, 1;
L_0x140f621c0 .part v0x140f5c780_0, 3, 1;
L_0x140f62340 .part v0x140f5c850_0, 3, 1;
L_0x140f62420 .part v0x140f5c4e0_0, 3, 1;
L_0x140f622a0 .part v0x140f5c4e0_0, 2, 1;
L_0x140f62570 .part v0x140f5c4e0_0, 0, 2;
L_0x140f626d0 .part L_0x140f62ff0, 2, 1;
L_0x140f624c0 .concat8 [ 1 1 1 1], L_0x140f5de70, L_0x140f5f360, L_0x140f60850, L_0x140f61d40;
L_0x140f62610 .part L_0x140f624c0, 0, 1;
L_0x140f629d0 .part L_0x140f624c0, 1, 1;
L_0x140f62c10 .part L_0x140f624c0, 2, 1;
L_0x140f627e0 .part L_0x140f624c0, 3, 1;
L_0x140f62ff0 .concat [ 1 1 1 1], L_0x140f5d970, L_0x140f5ee80, L_0x140f60310, o0x138032c80;
S_0x140f50ca0 .scope module, "A1" "ALU0_2" 2 134, 2 74 0, S_0x140f50a10;
 .timescale 0 0;
    .port_info 0 /INPUT 1 "a";
    .port_info 1 /INPUT 1 "b";
    .port_info 2 /INPUT 1 "Ainvert";
    .port_info 3 /INPUT 1 "Binvert";
    .port_info 4 /INPUT 2 "Operation";
    .port_info 5 /INPUT 1 "Cin";
    .port_info 6 /INPUT 1 "less";
    .port_info 7 /OUTPUT 1 "Cout";
    .port_info 8 /OUTPUT 1 "Result";
L_0x140f5d270 .functor XOR 1, L_0x140f5e370, L_0x140f5e5b0, C4<0>, C4<0>;
L_0x140f5d2e0 .functor AND 1, L_0x140f5d520, L_0x140f5d270, C4<1>, C4<1>;
L_0x140f5d430 .functor OR 1, L_0x140f5d520, L_0x140f5d270, C4<0>, C4<0>;
L_0x140f5d520 .functor XOR 1, L_0x140f5e250, L_0x140f5e490, C4<0>, C4<0>;
v0x140f52e00_0 .net "Ainvert", 0 0, L_0x140f5e490;  1 drivers
v0x140f52eb0_0 .net "Binvert", 0 0, L_0x140f5e5b0;  1 drivers
v0x140f52f50_0 .net "Cin", 0 0, L_0x140f5e7e0;  1 drivers
v0x140f53020_0 .net "Cout", 0 0, L_0x140f5d970;  1 drivers
v0x140f530b0_0 .net "Operation", 1 0, L_0x140f5e690;  1 drivers
v0x140f53180_0 .net "Result", 0 0, L_0x140f5de70;  1 drivers
v0x140f53210_0 .net "Sum", 0 0, L_0x140f5d710;  1 drivers
v0x140f532a0_0 .net "a", 0 0, L_0x140f5e250;  1 drivers
v0x140f53330_0 .net "a1", 0 0, L_0x140f5d520;  1 drivers
v0x140f53440_0 .net "andout", 0 0, L_0x140f5d2e0;  1 drivers
v0x140f534d0_0 .net "b", 0 0, L_0x140f5e370;  1 drivers
v0x140f53560_0 .net "b1", 0 0, L_0x140f5d270;  1 drivers
v0x140f53630_0 .net "less", 0 0, L_0x140f61620;  alias, 1 drivers
v0x140f536c0_0 .net "orout", 0 0, L_0x140f5d430;  1 drivers
L_0x140f5e090 .part L_0x140f5e690, 1, 1;
L_0x140f5e1b0 .part L_0x140f5e690, 0, 1;
S_0x140f50fa0 .scope module, "fa" "fulladder" 2 90, 2 21 0, S_0x140f50ca0;
 .timescale 0 0;
    .port_info 0 /OUTPUT 1 "S";
    .port_info 1 /OUTPUT 1 "C";
    .port_info 2 /INPUT 1 "x";
    .port_info 3 /INPUT 1 "y";
    .port_info 4 /INPUT 1 "z";
L_0x140f5d970 .functor OR 1, L_0x140f5d880, L_0x140f5d640, C4<0>, C4<0>;
v0x140f51c70_0 .net "C", 0 0, L_0x140f5d970;  alias, 1 drivers
v0x140f51d20_0 .net "C1", 0 0, L_0x140f5d640;  1 drivers
v0x140f51dc0_0 .net "C2", 0 0, L_0x140f5d880;  1 drivers
v0x140f51e90_0 .net "S", 0 0, L_0x140f5d710;  alias, 1 drivers
v0x140f51f40_0 .net "S1", 0 0, L_0x140f5d5b0;  1 drivers
v0x140f52050_0 .net "x", 0 0, L_0x140f5d520;  alias, 1 drivers
v0x140f520e0_0 .net "y", 0 0, L_0x140f5d270;  alias, 1 drivers
v0x140f52170_0 .net "z", 0 0, L_0x140f5e7e0;  alias, 1 drivers
S_0x140f51220 .scope module, "HA1" "halfadder" 2 26, 2 9 0, S_0x140f50fa0;
 .timescale 0 0;
    .port_info 0 /OUTPUT 1 "S";
    .port_info 1 /OUTPUT 1 "C";
    .port_info 2 /INPUT 1 "x";
    .port_info 3 /INPUT 1 "y";
L_0x140f5d5b0 .functor XOR 1, L_0x140f5d520, L_0x140f5d270, C4<0>, C4<0>;
L_0x140f5d640 .functor AND 1, L_0x140f5d520, L_0x140f5d270, C4<1>, C4<1>;
v0x140f51450_0 .net "C", 0 0, L_0x140f5d640;  alias, 1 drivers
v0x140f51500_0 .net "S", 0 0, L_0x140f5d5b0;  alias, 1 drivers
v0x140f515a0_0 .net "x", 0 0, L_0x140f5d520;  alias, 1 drivers
v0x140f51650_0 .net "y", 0 0, L_0x140f5d270;  alias, 1 drivers
S_0x140f51750 .scope module, "HA2" "halfadder" 2 27, 2 9 0, S_0x140f50fa0;
 .timescale 0 0;
    .port_info 0 /OUTPUT 1 "S";
    .port_info 1 /OUTPUT 1 "C";
    .port_info 2 /INPUT 1 "x";
    .port_info 3 /INPUT 1 "y";
L_0x140f5d710 .functor XOR 1, L_0x140f5d5b0, L_0x140f5e7e0, C4<0>, C4<0>;
L_0x140f5d880 .functor AND 1, L_0x140f5d5b0, L_0x140f5e7e0, C4<1>, C4<1>;
v0x140f51980_0 .net "C", 0 0, L_0x140f5d880;  alias, 1 drivers
v0x140f51a20_0 .net "S", 0 0, L_0x140f5d710;  alias, 1 drivers
v0x140f51ac0_0 .net "x", 0 0, L_0x140f5d5b0;  alias, 1 drivers
v0x140f51b90_0 .net "y", 0 0, L_0x140f5e7e0;  alias, 1 drivers
S_0x140f52250 .scope module, "m1" "mux4x1" 2 91, 2 42 0, S_0x140f50ca0;
 .timescale 0 0;
    .port_info 0 /INPUT 1 "a";
    .port_info 1 /INPUT 1 "b";
    .port_info 2 /INPUT 1 "c";
    .port_info 3 /INPUT 1 "d";
    .port_info 4 /INPUT 1 "s0";
    .port_info 5 /INPUT 1 "s1";
    .port_info 6 /OUTPUT 1 "ans";
L_0x140f5d9e0 .functor NOT 1, L_0x140f5e090, C4<0>, C4<0>, C4<0>;
L_0x140f5da50 .functor NOT 1, L_0x140f5e1b0, C4<0>, C4<0>, C4<0>;
L_0x140f5db00 .functor AND 1, L_0x140f5d2e0, L_0x140f5d9e0, L_0x140f5da50, C4<1>;
L_0x140f5dc30 .functor AND 1, L_0x140f5d430, L_0x140f5d9e0, L_0x140f5e1b0, C4<1>;
L_0x140f5dd00 .functor AND 1, L_0x140f5d710, L_0x140f5e090, L_0x140f5da50, C4<1>;
L_0x140f5de00 .functor AND 1, L_0x140f61620, L_0x140f5e090, L_0x140f5e1b0, C4<1>;
L_0x140f5de70 .functor OR 1, L_0x140f5db00, L_0x140f5dc30, L_0x140f5dd00, L_0x140f5de00;
v0x140f52500_0 .net "T1", 0 0, L_0x140f5db00;  1 drivers
v0x140f52590_0 .net "T2", 0 0, L_0x140f5dc30;  1 drivers
v0x140f52620_0 .net "T3", 0 0, L_0x140f5dd00;  1 drivers
v0x140f526b0_0 .net "T4", 0 0, L_0x140f5de00;  1 drivers
v0x140f52740_0 .net "a", 0 0, L_0x140f5d2e0;  alias, 1 drivers
v0x140f52820_0 .net "ans", 0 0, L_0x140f5de70;  alias, 1 drivers
v0x140f528c0_0 .net "b", 0 0, L_0x140f5d430;  alias, 1 drivers
v0x140f52960_0 .net "c", 0 0, L_0x140f5d710;  alias, 1 drivers
v0x140f52a30_0 .net "d", 0 0, L_0x140f61620;  alias, 1 drivers
v0x140f52b40_0 .net "s0", 0 0, L_0x140f5e090;  1 drivers
v0x140f52bd0_0 .net "s0bar", 0 0, L_0x140f5d9e0;  1 drivers
v0x140f52c60_0 .net "s1", 0 0, L_0x140f5e1b0;  1 drivers
v0x140f52cf0_0 .net "s1bar", 0 0, L_0x140f5da50;  1 drivers
S_0x140f53810 .scope module, "A2" "ALU0_2" 2 135, 2 74 0, S_0x140f50a10;
 .timescale 0 0;
    .port_info 0 /INPUT 1 "a";
    .port_info 1 /INPUT 1 "b";
    .port_info 2 /INPUT 1 "Ainvert";
    .port_info 3 /INPUT 1 "Binvert";
    .port_info 4 /INPUT 2 "Operation";
    .port_info 5 /INPUT 1 "Cin";
    .port_info 6 /INPUT 1 "less";
    .port_info 7 /OUTPUT 1 "Cout";
    .port_info 8 /OUTPUT 1 "Result";
L_0x140f5e880 .functor XOR 1, L_0x140f5f860, L_0x140f5fa70, C4<0>, C4<0>;
L_0x140f5e8f0 .functor AND 1, L_0x140f5ead0, L_0x140f5e880, C4<1>, C4<1>;
L_0x140f5e9e0 .functor OR 1, L_0x140f5ead0, L_0x140f5e880, C4<0>, C4<0>;
L_0x140f5ead0 .functor XOR 1, L_0x140f5f740, L_0x140f5f940, C4<0>, C4<0>;
v0x140f55930_0 .net "Ainvert", 0 0, L_0x140f5f940;  1 drivers
v0x140f559e0_0 .net "Binvert", 0 0, L_0x140f5fa70;  1 drivers
v0x140f55a80_0 .net "Cin", 0 0, L_0x140f5e730;  1 drivers
v0x140f55b50_0 .net "Cout", 0 0, L_0x140f5ee80;  1 drivers
v0x140f55be0_0 .net "Operation", 1 0, L_0x140f5fb10;  1 drivers
v0x140f55cb0_0 .net "Result", 0 0, L_0x140f5f360;  1 drivers
v0x140f55d40_0 .net "Sum", 0 0, L_0x140f5ec20;  1 drivers
v0x140f55dd0_0 .net "a", 0 0, L_0x140f5f740;  1 drivers
v0x140f55e60_0 .net "a1", 0 0, L_0x140f5ead0;  1 drivers
v0x140f55f70_0 .net "andout", 0 0, L_0x140f5e8f0;  1 drivers
v0x140f56000_0 .net "b", 0 0, L_0x140f5f860;  1 drivers
v0x140f56090_0 .net "b1", 0 0, L_0x140f5e880;  1 drivers
L_0x138068010 .functor BUFT 1, C4<0>, C4<0>, C4<0>, C4<0>;
v0x140f56160_0 .net "less", 0 0, L_0x138068010;  1 drivers
v0x140f561f0_0 .net "orout", 0 0, L_0x140f5e9e0;  1 drivers
L_0x140f5f580 .part L_0x140f5fb10, 1, 1;
L_0x140f5f6a0 .part L_0x140f5fb10, 0, 1;
S_0x140f53ac0 .scope module, "fa" "fulladder" 2 90, 2 21 0, S_0x140f53810;
 .timescale 0 0;
    .port_info 0 /OUTPUT 1 "S";
    .port_info 1 /OUTPUT 1 "C";
    .port_info 2 /INPUT 1 "x";
    .port_info 3 /INPUT 1 "y";
    .port_info 4 /INPUT 1 "z";
L_0x140f5ee80 .functor OR 1, L_0x140f5ed90, L_0x140f5ebb0, C4<0>, C4<0>;
v0x140f547a0_0 .net "C", 0 0, L_0x140f5ee80;  alias, 1 drivers
v0x140f54850_0 .net "C1", 0 0, L_0x140f5ebb0;  1 drivers
v0x140f548f0_0 .net "C2", 0 0, L_0x140f5ed90;  1 drivers
v0x140f549c0_0 .net "S", 0 0, L_0x140f5ec20;  alias, 1 drivers
v0x140f54a70_0 .net "S1", 0 0, L_0x140f5eb40;  1 drivers
v0x140f54b80_0 .net "x", 0 0, L_0x140f5ead0;  alias, 1 drivers
v0x140f54c10_0 .net "y", 0 0, L_0x140f5e880;  alias, 1 drivers
v0x140f54ca0_0 .net "z", 0 0, L_0x140f5e730;  alias, 1 drivers
S_0x140f53d30 .scope module, "HA1" "halfadder" 2 26, 2 9 0, S_0x140f53ac0;
 .timescale 0 0;
    .port_info 0 /OUTPUT 1 "S";
    .port_info 1 /OUTPUT 1 "C";
    .port_info 2 /INPUT 1 "x";
    .port_info 3 /INPUT 1 "y";
L_0x140f5eb40 .functor XOR 1, L_0x140f5ead0, L_0x140f5e880, C4<0>, C4<0>;
L_0x140f5ebb0 .functor AND 1, L_0x140f5ead0, L_0x140f5e880, C4<1>, C4<1>;
v0x140f53f80_0 .net "C", 0 0, L_0x140f5ebb0;  alias, 1 drivers
v0x140f54030_0 .net "S", 0 0, L_0x140f5eb40;  alias, 1 drivers
v0x140f540d0_0 .net "x", 0 0, L_0x140f5ead0;  alias, 1 drivers
v0x140f54180_0 .net "y", 0 0, L_0x140f5e880;  alias, 1 drivers
S_0x140f54280 .scope module, "HA2" "halfadder" 2 27, 2 9 0, S_0x140f53ac0;
 .timescale 0 0;
    .port_info 0 /OUTPUT 1 "S";
    .port_info 1 /OUTPUT 1 "C";
    .port_info 2 /INPUT 1 "x";
    .port_info 3 /INPUT 1 "y";
L_0x140f5ec20 .functor XOR 1, L_0x140f5eb40, L_0x140f5e730, C4<0>, C4<0>;
L_0x140f5ed90 .functor AND 1, L_0x140f5eb40, L_0x140f5e730, C4<1>, C4<1>;
v0x140f544b0_0 .net "C", 0 0, L_0x140f5ed90;  alias, 1 drivers
v0x140f54550_0 .net "S", 0 0, L_0x140f5ec20;  alias, 1 drivers
v0x140f545f0_0 .net "x", 0 0, L_0x140f5eb40;  alias, 1 drivers
v0x140f546c0_0 .net "y", 0 0, L_0x140f5e730;  alias, 1 drivers
S_0x140f54d80 .scope module, "m1" "mux4x1" 2 91, 2 42 0, S_0x140f53810;
 .timescale 0 0;
    .port_info 0 /INPUT 1 "a";
    .port_info 1 /INPUT 1 "b";
    .port_info 2 /INPUT 1 "c";
    .port_info 3 /INPUT 1 "d";
    .port_info 4 /INPUT 1 "s0";
    .port_info 5 /INPUT 1 "s1";
    .port_info 6 /OUTPUT 1 "ans";
L_0x140f5eef0 .functor NOT 1, L_0x140f5f580, C4<0>, C4<0>, C4<0>;
L_0x140f5ef60 .functor NOT 1, L_0x140f5f6a0, C4<0>, C4<0>, C4<0>;
L_0x140f5efd0 .functor AND 1, L_0x140f5e8f0, L_0x140f5eef0, L_0x140f5ef60, C4<1>;
L_0x140f5f0e0 .functor AND 1, L_0x140f5e9e0, L_0x140f5eef0, L_0x140f5f6a0, C4<1>;
L_0x140f5f1b0 .functor AND 1, L_0x140f5ec20, L_0x140f5f580, L_0x140f5ef60, C4<1>;
L_0x140f5f2b0 .functor AND 1, L_0x138068010, L_0x140f5f580, L_0x140f5f6a0, C4<1>;
L_0x140f5f360 .functor OR 1, L_0x140f5efd0, L_0x140f5f0e0, L_0x140f5f1b0, L_0x140f5f2b0;
v0x140f55030_0 .net "T1", 0 0, L_0x140f5efd0;  1 drivers
v0x140f550c0_0 .net "T2", 0 0, L_0x140f5f0e0;  1 drivers
v0x140f55150_0 .net "T3", 0 0, L_0x140f5f1b0;  1 drivers
v0x140f551e0_0 .net "T4", 0 0, L_0x140f5f2b0;  1 drivers
v0x140f55270_0 .net "a", 0 0, L_0x140f5e8f0;  alias, 1 drivers
v0x140f55350_0 .net "ans", 0 0, L_0x140f5f360;  alias, 1 drivers
v0x140f553f0_0 .net "b", 0 0, L_0x140f5e9e0;  alias, 1 drivers
v0x140f55490_0 .net "c", 0 0, L_0x140f5ec20;  alias, 1 drivers
v0x140f55560_0 .net "d", 0 0, L_0x138068010;  alias, 1 drivers
v0x140f55670_0 .net "s0", 0 0, L_0x140f5f580;  1 drivers
v0x140f55700_0 .net "s0bar", 0 0, L_0x140f5eef0;  1 drivers
v0x140f55790_0 .net "s1", 0 0, L_0x140f5f6a0;  1 drivers
v0x140f55820_0 .net "s1bar", 0 0, L_0x140f5ef60;  1 drivers
S_0x140f56340 .scope module, "A3" "ALU0_2" 2 136, 2 74 0, S_0x140f50a10;
 .timescale 0 0;
    .port_info 0 /INPUT 1 "a";
    .port_info 1 /INPUT 1 "b";
    .port_info 2 /INPUT 1 "Ainvert";
    .port_info 3 /INPUT 1 "Binvert";
    .port_info 4 /INPUT 2 "Operation";
    .port_info 5 /INPUT 1 "Cin";
    .port_info 6 /INPUT 1 "less";
    .port_info 7 /OUTPUT 1 "Cout";
    .port_info 8 /OUTPUT 1 "Result";
L_0x140f5fd10 .functor XOR 1, L_0x140f60e00, L_0x140f61040, C4<0>, C4<0>;
L_0x140f5fd80 .functor AND 1, L_0x140f5ff60, L_0x140f5fd10, C4<1>, C4<1>;
L_0x140f5fe70 .functor OR 1, L_0x140f5ff60, L_0x140f5fd10, C4<0>, C4<0>;
L_0x140f5ff60 .functor XOR 1, L_0x140f60c30, L_0x140f60f20, C4<0>, C4<0>;
v0x140f58470_0 .net "Ainvert", 0 0, L_0x140f60f20;  1 drivers
v0x140f58520_0 .net "Binvert", 0 0, L_0x140f61040;  1 drivers
v0x140f585c0_0 .net "Cin", 0 0, L_0x140f61210;  1 drivers
v0x140f58690_0 .net "Cout", 0 0, L_0x140f60310;  1 drivers
v0x140f58720_0 .net "Operation", 1 0, L_0x140f610e0;  1 drivers
v0x140f587f0_0 .net "Result", 0 0, L_0x140f60850;  1 drivers
v0x140f58880_0 .net "Sum", 0 0, L_0x140f600b0;  1 drivers
v0x140f58910_0 .net "a", 0 0, L_0x140f60c30;  1 drivers
v0x140f589a0_0 .net "a1", 0 0, L_0x140f5ff60;  1 drivers
v0x140f58ab0_0 .net "andout", 0 0, L_0x140f5fd80;  1 drivers
v0x140f58b40_0 .net "b", 0 0, L_0x140f60e00;  1 drivers
v0x140f58bd0_0 .net "b1", 0 0, L_0x140f5fd10;  1 drivers
L_0x138068058 .functor BUFT 1, C4<0>, C4<0>, C4<0>, C4<0>;
v0x140f58ca0_0 .net "less", 0 0, L_0x138068058;  1 drivers
v0x140f58d30_0 .net "orout", 0 0, L_0x140f5fe70;  1 drivers
L_0x140f60a70 .part L_0x140f610e0, 1, 1;
L_0x140f60b90 .part L_0x140f610e0, 0, 1;
S_0x140f56600 .scope module, "fa" "fulladder" 2 90, 2 21 0, S_0x140f56340;
 .timescale 0 0;
    .port_info 0 /OUTPUT 1 "S";
    .port_info 1 /OUTPUT 1 "C";
    .port_info 2 /INPUT 1 "x";
    .port_info 3 /INPUT 1 "y";
    .port_info 4 /INPUT 1 "z";
L_0x140f60310 .functor OR 1, L_0x140f60220, L_0x140f60040, C4<0>, C4<0>;
v0x140f572e0_0 .net "C", 0 0, L_0x140f60310;  alias, 1 drivers
v0x140f57390_0 .net "C1", 0 0, L_0x140f60040;  1 drivers
v0x140f57430_0 .net "C2", 0 0, L_0x140f60220;  1 drivers
v0x140f57500_0 .net "S", 0 0, L_0x140f600b0;  alias, 1 drivers
v0x140f575b0_0 .net "S1", 0 0, L_0x140f5ffd0;  1 drivers
v0x140f576c0_0 .net "x", 0 0, L_0x140f5ff60;  alias, 1 drivers
v0x140f57750_0 .net "y", 0 0, L_0x140f5fd10;  alias, 1 drivers
v0x140f577e0_0 .net "z", 0 0, L_0x140f61210;  alias, 1 drivers
S_0x140f56870 .scope module, "HA1" "halfadder" 2 26, 2 9 0, S_0x140f56600;
 .timescale 0 0;
    .port_info 0 /OUTPUT 1 "S";
    .port_info 1 /OUTPUT 1 "C";
    .port_info 2 /INPUT 1 "x";
    .port_info 3 /INPUT 1 "y";
L_0x140f5ffd0 .functor XOR 1, L_0x140f5ff60, L_0x140f5fd10, C4<0>, C4<0>;
L_0x140f60040 .functor AND 1, L_0x140f5ff60, L_0x140f5fd10, C4<1>, C4<1>;
v0x140f56ac0_0 .net "C", 0 0, L_0x140f60040;  alias, 1 drivers
v0x140f56b70_0 .net "S", 0 0, L_0x140f5ffd0;  alias, 1 drivers
v0x140f56c10_0 .net "x", 0 0, L_0x140f5ff60;  alias, 1 drivers
v0x140f56cc0_0 .net "y", 0 0, L_0x140f5fd10;  alias, 1 drivers
S_0x140f56dc0 .scope module, "HA2" "halfadder" 2 27, 2 9 0, S_0x140f56600;
 .timescale 0 0;
    .port_info 0 /OUTPUT 1 "S";
    .port_info 1 /OUTPUT 1 "C";
    .port_info 2 /INPUT 1 "x";
    .port_info 3 /INPUT 1 "y";
L_0x140f600b0 .functor XOR 1, L_0x140f5ffd0, L_0x140f61210, C4<0>, C4<0>;
L_0x140f60220 .functor AND 1, L_0x140f5ffd0, L_0x140f61210, C4<1>, C4<1>;
v0x140f56ff0_0 .net "C", 0 0, L_0x140f60220;  alias, 1 drivers
v0x140f57090_0 .net "S", 0 0, L_0x140f600b0;  alias, 1 drivers
v0x140f57130_0 .net "x", 0 0, L_0x140f5ffd0;  alias, 1 drivers
v0x140f57200_0 .net "y", 0 0, L_0x140f61210;  alias, 1 drivers
S_0x140f578c0 .scope module, "m1" "mux4x1" 2 91, 2 42 0, S_0x140f56340;
 .timescale 0 0;
    .port_info 0 /INPUT 1 "a";
    .port_info 1 /INPUT 1 "b";
    .port_info 2 /INPUT 1 "c";
    .port_info 3 /INPUT 1 "d";
    .port_info 4 /INPUT 1 "s0";
    .port_info 5 /INPUT 1 "s1";
    .port_info 6 /OUTPUT 1 "ans";
L_0x140f60380 .functor NOT 1, L_0x140f60a70, C4<0>, C4<0>, C4<0>;
L_0x140f603f0 .functor NOT 1, L_0x140f60b90, C4<0>, C4<0>, C4<0>;
L_0x140f604a0 .functor AND 1, L_0x140f5fd80, L_0x140f60380, L_0x140f603f0, C4<1>;
L_0x140f605d0 .functor AND 1, L_0x140f5fe70, L_0x140f60380, L_0x140f60b90, C4<1>;
L_0x140f606a0 .functor AND 1, L_0x140f600b0, L_0x140f60a70, L_0x140f603f0, C4<1>;
L_0x140f607a0 .functor AND 1, L_0x138068058, L_0x140f60a70, L_0x140f60b90, C4<1>;
L_0x140f60850 .functor OR 1, L_0x140f604a0, L_0x140f605d0, L_0x140f606a0, L_0x140f607a0;
v0x140f57b70_0 .net "T1", 0 0, L_0x140f604a0;  1 drivers
v0x140f57c00_0 .net "T2", 0 0, L_0x140f605d0;  1 drivers
v0x140f57c90_0 .net "T3", 0 0, L_0x140f606a0;  1 drivers
v0x140f57d20_0 .net "T4", 0 0, L_0x140f607a0;  1 drivers
v0x140f57db0_0 .net "a", 0 0, L_0x140f5fd80;  alias, 1 drivers
v0x140f57e90_0 .net "ans", 0 0, L_0x140f60850;  alias, 1 drivers
v0x140f57f30_0 .net "b", 0 0, L_0x140f5fe70;  alias, 1 drivers
v0x140f57fd0_0 .net "c", 0 0, L_0x140f600b0;  alias, 1 drivers
v0x140f580a0_0 .net "d", 0 0, L_0x138068058;  alias, 1 drivers
v0x140f581b0_0 .net "s0", 0 0, L_0x140f60a70;  1 drivers
v0x140f58240_0 .net "s0bar", 0 0, L_0x140f60380;  1 drivers
v0x140f582d0_0 .net "s1", 0 0, L_0x140f60b90;  1 drivers
v0x140f58360_0 .net "s1bar", 0 0, L_0x140f603f0;  1 drivers
S_0x140f58e80 .scope module, "A4" "ALU3" 2 139, 2 96 0, S_0x140f50a10;
 .timescale 0 0;
    .port_info 0 /INPUT 1 "a";
    .port_info 1 /INPUT 1 "b";
    .port_info 2 /INPUT 1 "Ainvert";
    .port_info 3 /INPUT 1 "Binvert";
    .port_info 4 /INPUT 2 "Operation";
    .port_info 5 /INPUT 1 "Cin";
    .port_info 6 /INPUT 1 "less";
    .port_info 7 /OUTPUT 1 "Sum";
    .port_info 8 /OUTPUT 1 "Result";
    .port_info 9 /OUTPUT 1 "Overflow";
L_0x140f60fc0 .functor XOR 1, L_0x140f621c0, L_0x140f62420, C4<0>, C4<0>;
L_0x140f612b0 .functor OR 1, L_0x140f60fc0, L_0x140f613e0, C4<0>, C4<0>;
L_0x140f613e0 .functor XOR 1, L_0x140f62340, L_0x140f622a0, C4<0>, C4<0>;
L_0x140f614d0 .functor AND 1, L_0x140f60fc0, L_0x140f613e0, C4<1>, C4<1>;
L_0x140f62120 .functor XOR 1, L_0x140f61880, L_0x140f626d0, C4<0>, C4<0>;
v0x140f5afd0_0 .net "Ainvert", 0 0, L_0x140f62420;  1 drivers
v0x140f5b080_0 .net "Binvert", 0 0, L_0x140f622a0;  1 drivers
v0x140f5b120_0 .net "Cin", 0 0, L_0x140f626d0;  1 drivers
v0x140f5b1f0_0 .net "Cout", 0 0, L_0x140f61880;  1 drivers
v0x140f5b280_0 .net "Operation", 1 0, L_0x140f62570;  1 drivers
v0x140f5b350_0 .net "Overflow", 0 0, L_0x140f62120;  alias, 1 drivers
v0x140f5b3e0_0 .net "Result", 0 0, L_0x140f61d40;  1 drivers
o0x138032890 .functor BUFZ 1, C4<z>; HiZ drive
v0x140f5b470_0 .net "Set", 0 0, o0x138032890;  0 drivers
v0x140f5b500_0 .net "Sum", 0 0, L_0x140f61620;  alias, 1 drivers
v0x140f5b610_0 .net "a", 0 0, L_0x140f621c0;  1 drivers
v0x140f5b6a0_0 .net "a1", 0 0, L_0x140f60fc0;  1 drivers
v0x140f5b730_0 .net "andout", 0 0, L_0x140f614d0;  1 drivers
v0x140f5b7c0_0 .net "b", 0 0, L_0x140f62340;  1 drivers
v0x140f5b850_0 .net "b1", 0 0, L_0x140f613e0;  1 drivers
L_0x1380680a0 .functor BUFT 1, C4<0>, C4<0>, C4<0>, C4<0>;
v0x140f5b920_0 .net "less", 0 0, L_0x1380680a0;  1 drivers
v0x140f5b9b0_0 .net "orout", 0 0, L_0x140f612b0;  1 drivers
L_0x140f61f60 .part L_0x140f62570, 1, 1;
L_0x140f62080 .part L_0x140f62570, 0, 1;
S_0x140f59130 .scope module, "fa" "fulladder" 2 115, 2 21 0, S_0x140f58e80;
 .timescale 0 0;
    .port_info 0 /OUTPUT 1 "S";
    .port_info 1 /OUTPUT 1 "C";
    .port_info 2 /INPUT 1 "x";
    .port_info 3 /INPUT 1 "y";
    .port_info 4 /INPUT 1 "z";
L_0x140f61880 .functor OR 1, L_0x140f61790, L_0x140f615b0, C4<0>, C4<0>;
v0x140f59e30_0 .net "C", 0 0, L_0x140f61880;  alias, 1 drivers
v0x140f59ee0_0 .net "C1", 0 0, L_0x140f615b0;  1 drivers
v0x140f59f80_0 .net "C2", 0 0, L_0x140f61790;  1 drivers
v0x140f5a050_0 .net "S", 0 0, L_0x140f61620;  alias, 1 drivers
v0x140f5a0e0_0 .net "S1", 0 0, L_0x140f61540;  1 drivers
v0x140f5a1f0_0 .net "x", 0 0, L_0x140f60fc0;  alias, 1 drivers
v0x140f5a280_0 .net "y", 0 0, L_0x140f613e0;  alias, 1 drivers
v0x140f5a310_0 .net "z", 0 0, L_0x140f626d0;  alias, 1 drivers
S_0x140f593b0 .scope module, "HA1" "halfadder" 2 26, 2 9 0, S_0x140f59130;
 .timescale 0 0;
    .port_info 0 /OUTPUT 1 "S";
    .port_info 1 /OUTPUT 1 "C";
    .port_info 2 /INPUT 1 "x";
    .port_info 3 /INPUT 1 "y";
L_0x140f61540 .functor XOR 1, L_0x140f60fc0, L_0x140f613e0, C4<0>, C4<0>;
L_0x140f615b0 .functor AND 1, L_0x140f60fc0, L_0x140f613e0, C4<1>, C4<1>;
v0x140f59600_0 .net "C", 0 0, L_0x140f615b0;  alias, 1 drivers
v0x140f596b0_0 .net "S", 0 0, L_0x140f61540;  alias, 1 drivers
v0x140f59750_0 .net "x", 0 0, L_0x140f60fc0;  alias, 1 drivers
v0x140f59800_0 .net "y", 0 0, L_0x140f613e0;  alias, 1 drivers
S_0x140f59900 .scope module, "HA2" "halfadder" 2 27, 2 9 0, S_0x140f59130;
 .timescale 0 0;
    .port_info 0 /OUTPUT 1 "S";
    .port_info 1 /OUTPUT 1 "C";
    .port_info 2 /INPUT 1 "x";
    .port_info 3 /INPUT 1 "y";
L_0x140f61620 .functor XOR 1, L_0x140f61540, L_0x140f626d0, C4<0>, C4<0>;
L_0x140f61790 .functor AND 1, L_0x140f61540, L_0x140f626d0, C4<1>, C4<1>;
v0x140f59b30_0 .net "C", 0 0, L_0x140f61790;  alias, 1 drivers
v0x140f59bd0_0 .net "S", 0 0, L_0x140f61620;  alias, 1 drivers
v0x140f59cb0_0 .net "x", 0 0, L_0x140f61540;  alias, 1 drivers
v0x140f59d60_0 .net "y", 0 0, L_0x140f626d0;  alias, 1 drivers
S_0x140f5a3f0 .scope module, "m1" "mux4x1" 2 116, 2 42 0, S_0x140f58e80;
 .timescale 0 0;
    .port_info 0 /INPUT 1 "a";
    .port_info 1 /INPUT 1 "b";
    .port_info 2 /INPUT 1 "c";
    .port_info 3 /INPUT 1 "d";
    .port_info 4 /INPUT 1 "s0";
    .port_info 5 /INPUT 1 "s1";
    .port_info 6 /OUTPUT 1 "ans";
L_0x140f618f0 .functor NOT 1, L_0x140f61f60, C4<0>, C4<0>, C4<0>;
L_0x140f61960 .functor NOT 1, L_0x140f62080, C4<0>, C4<0>, C4<0>;
L_0x140f619d0 .functor AND 1, L_0x140f614d0, L_0x140f618f0, L_0x140f61960, C4<1>;
L_0x140f61ae0 .functor AND 1, L_0x140f612b0, L_0x140f618f0, L_0x140f62080, C4<1>;
L_0x140f61b90 .functor AND 1, L_0x140f61620, L_0x140f61f60, L_0x140f61960, C4<1>;
L_0x140f61c90 .functor AND 1, L_0x1380680a0, L_0x140f61f60, L_0x140f62080, C4<1>;
L_0x140f61d40 .functor OR 1, L_0x140f619d0, L_0x140f61ae0, L_0x140f61b90, L_0x140f61c90;
v0x140f5a6a0_0 .net "T1", 0 0, L_0x140f619d0;  1 drivers
v0x140f5a730_0 .net "T2", 0 0, L_0x140f61ae0;  1 drivers
v0x140f5a7c0_0 .net "T3", 0 0, L_0x140f61b90;  1 drivers
v0x140f5a850_0 .net "T4", 0 0, L_0x140f61c90;  1 drivers
v0x140f5a8f0_0 .net "a", 0 0, L_0x140f614d0;  alias, 1 drivers
v0x140f5a9d0_0 .net "ans", 0 0, L_0x140f61d40;  alias, 1 drivers
v0x140f5aa70_0 .net "b", 0 0, L_0x140f612b0;  alias, 1 drivers
v0x140f5ab10_0 .net "c", 0 0, L_0x140f61620;  alias, 1 drivers
v0x140f5ac20_0 .net "d", 0 0, L_0x1380680a0;  alias, 1 drivers
v0x140f5ad30_0 .net "s0", 0 0, L_0x140f61f60;  1 drivers
v0x140f5adc0_0 .net "s0bar", 0 0, L_0x140f618f0;  1 drivers
v0x140f5ae50_0 .net "s1", 0 0, L_0x140f62080;  1 drivers
v0x140f5aee0_0 .net "s1bar", 0 0, L_0x140f61960;  1 drivers
S_0x140f3c860 .scope module, "mult" "mult" 2 31;
 .timescale 0 0;
    .port_info 0 /INPUT 1 "x";
    .port_info 1 /INPUT 1 "y";
    .port_info 2 /INPUT 1 "z";
    .port_info 3 /OUTPUT 1 "S";
o0x138032f50 .functor BUFZ 1, C4<z>; HiZ drive
L_0x140f62de0 .functor NOT 1, o0x138032f50, C4<0>, C4<0>, C4<0>;
o0x138032ef0 .functor BUFZ 1, C4<z>; HiZ drive
L_0x140f62b30 .functor AND 1, o0x138032ef0, L_0x140f62de0, C4<1>, C4<1>;
o0x138032f20 .functor BUFZ 1, C4<z>; HiZ drive
L_0x140f62e50 .functor AND 1, o0x138032f20, o0x138032f50, C4<1>, C4<1>;
L_0x140f62f00 .functor OR 1, L_0x140f62b30, L_0x140f62e50, C4<0>, C4<0>;
v0x140f5c900_0 .net "S", 0 0, L_0x140f62f00;  1 drivers
v0x140f5c990_0 .net "c0", 0 0, L_0x140f62de0;  1 drivers
v0x140f5ca20_0 .net "c1", 0 0, L_0x140f62b30;  1 drivers
v0x140f5cad0_0 .net "c2", 0 0, L_0x140f62e50;  1 drivers
v0x140f5cb60_0 .net "x", 0 0, o0x138032ef0;  0 drivers
v0x140f5cc40_0 .net "y", 0 0, o0x138032f20;  0 drivers
v0x140f5cce0_0 .net "z", 0 0, o0x138032f50;  0 drivers
    .scope S_0x140f38fe0;
T_0 ;
    %vpi_call 2 160 "$display", "   Op  a          b      Result   Zero    Overflow " {0 0 0};
    %vpi_call 2 161 "$monitor", " %b %b(%d) %b(%d)  %b(%d)   %b        %b", v0x140f5c4e0_0, v0x140f5c780_0, v0x140f5c780_0, v0x140f5c850_0, v0x140f5c850_0, v0x140f5c640_0, v0x140f5c640_0, v0x140f5c6d0_0, v0x140f5c570_0 {0 0 0};
    %pushi/vec4 0, 0, 4;
    %store/vec4 v0x140f5c4e0_0, 0, 4;
    %pushi/vec4 7, 0, 4;
    %store/vec4 v0x140f5c780_0, 0, 4;
    %pushi/vec4 2, 0, 4;
    %store/vec4 v0x140f5c850_0, 0, 4;
    %delay 1, 0;
    %pushi/vec4 1, 0, 4;
    %store/vec4 v0x140f5c4e0_0, 0, 4;
    %pushi/vec4 5, 0, 4;
    %store/vec4 v0x140f5c780_0, 0, 4;
    %pushi/vec4 2, 0, 4;
    %store/vec4 v0x140f5c850_0, 0, 4;
    %delay 1, 0;
    %pushi/vec4 2, 0, 4;
    %store/vec4 v0x140f5c4e0_0, 0, 4;
    %pushi/vec4 5, 0, 4;
    %store/vec4 v0x140f5c780_0, 0, 4;
    %pushi/vec4 1, 0, 4;
    %store/vec4 v0x140f5c850_0, 0, 4;
    %delay 1, 0;
    %pushi/vec4 2, 0, 4;
    %store/vec4 v0x140f5c4e0_0, 0, 4;
    %pushi/vec4 7, 0, 4;
    %store/vec4 v0x140f5c780_0, 0, 4;
    %pushi/vec4 1, 0, 4;
    %store/vec4 v0x140f5c850_0, 0, 4;
    %delay 1, 0;
    %pushi/vec4 6, 0, 4;
    %store/vec4 v0x140f5c4e0_0, 0, 4;
    %pushi/vec4 5, 0, 4;
    %store/vec4 v0x140f5c780_0, 0, 4;
    %pushi/vec4 1, 0, 4;
    %store/vec4 v0x140f5c850_0, 0, 4;
    %delay 1, 0;
    %pushi/vec4 6, 0, 4;
    %store/vec4 v0x140f5c4e0_0, 0, 4;
    %pushi/vec4 15, 0, 4;
    %store/vec4 v0x140f5c780_0, 0, 4;
    %pushi/vec4 1, 0, 4;
    %store/vec4 v0x140f5c850_0, 0, 4;
    %delay 1, 0;
    %pushi/vec4 6, 0, 4;
    %store/vec4 v0x140f5c4e0_0, 0, 4;
    %pushi/vec4 15, 0, 4;
    %store/vec4 v0x140f5c780_0, 0, 4;
    %pushi/vec4 8, 0, 4;
    %store/vec4 v0x140f5c850_0, 0, 4;
    %delay 1, 0;
    %pushi/vec4 7, 0, 4;
    %store/vec4 v0x140f5c4e0_0, 0, 4;
    %pushi/vec4 5, 0, 4;
    %store/vec4 v0x140f5c780_0, 0, 4;
    %pushi/vec4 1, 0, 4;
    %store/vec4 v0x140f5c850_0, 0, 4;
    %delay 1, 0;
    %pushi/vec4 7, 0, 4;
    %store/vec4 v0x140f5c4e0_0, 0, 4;
    %pushi/vec4 1, 0, 4;
    %store/vec4 v0x140f5c780_0, 0, 4;
    %pushi/vec4 3, 0, 4;
    %store/vec4 v0x140f5c850_0, 0, 4;
    %delay 1, 0;
    %pushi/vec4 12, 0, 4;
    %store/vec4 v0x140f5c4e0_0, 0, 4;
    %pushi/vec4 1, 0, 4;
    %store/vec4 v0x140f5c780_0, 0, 4;
    %pushi/vec4 3, 0, 4;
    %store/vec4 v0x140f5c850_0, 0, 4;
    %delay 1, 0;
    %pushi/vec4 13, 0, 4;
    %store/vec4 v0x140f5c4e0_0, 0, 4;
    %pushi/vec4 1, 0, 4;
    %store/vec4 v0x140f5c780_0, 0, 4;
    %pushi/vec4 3, 0, 4;
    %store/vec4 v0x140f5c850_0, 0, 4;
    %end;
    .thread T_0;
# The file index is used to find the file name in the following table.
:file_names 3;
    "N/A";
    "<interactive>";
    "4-bit-ALU.v";
